method:POST state:404 url:/note/add response-time: 4.238 ms http-version: HTTP/1.1" content-length:25  address:::1 date_web:[Wed, 16 Aug 2023 17:29:33 GMT]  
method:POST state:201 url:/note/create response-time: 15.872 ms http-version: HTTP/1.1" content-length:68  address:::1 date_web:[Wed, 16 Aug 2023 17:29:59 GMT]  
method:GET state:400 url:/note/all response-time: 1.001 ms http-version: HTTP/1.1" content-length:60  address:::1 date_web:[Wed, 16 Aug 2023 17:30:07 GMT]  
method:POST state:400 url:/auth/login response-time: 7.204 ms http-version: HTTP/1.1" content-length:47  address:::1 date_web:[Wed, 16 Aug 2023 17:30:46 GMT]  
method:POST state:400 url:/auth/login response-time: 25.231 ms http-version: HTTP/1.1" content-length:70  address:::1 date_web:[Wed, 16 Aug 2023 17:31:07 GMT]  
method:POST state:200 url:/auth/login response-time: 292.741 ms http-version: HTTP/1.1" content-length:283  address:::1 date_web:[Wed, 16 Aug 2023 17:31:20 GMT]  
method:GET state:400 url:/auth/logout response-time: 1.814 ms http-version: HTTP/1.1" content-length:60  address:::1 date_web:[Wed, 16 Aug 2023 17:31:33 GMT]  
method:POST state:400 url:/note/create response-time: 4.215 ms http-version: HTTP/1.1" content-length:60  address:::1 date_web:[Wed, 16 Aug 2023 17:31:56 GMT]  
method:POST state:200 url:/auth/login response-time: 233.947 ms http-version: HTTP/1.1" content-length:283  address:::1 date_web:[Wed, 16 Aug 2023 17:32:23 GMT]  
method:GET state:400 url:/auth/logout response-time: 0.797 ms http-version: HTTP/1.1" content-length:60  address:::1 date_web:[Wed, 16 Aug 2023 17:32:30 GMT]  
method:GET state:400 url:/auth/logout response-time: 7.743 ms http-version: HTTP/1.1" content-length:60  address:::1 date_web:[Wed, 16 Aug 2023 17:32:46 GMT]  
method:POST state:200 url:/auth/login response-time: 219.030 ms http-version: HTTP/1.1" content-length:283  address:::1 date_web:[Wed, 16 Aug 2023 17:32:49 GMT]  
method:POST state:400 url:/note/create response-time: 1.147 ms http-version: HTTP/1.1" content-length:60  address:::1 date_web:[Wed, 16 Aug 2023 17:32:51 GMT]  
method:POST state:400 url:/note/create response-time: 0.731 ms http-version: HTTP/1.1" content-length:60  address:::1 date_web:[Wed, 16 Aug 2023 17:32:53 GMT]  
method:POST state:400 url:/note/create response-time: 6.606 ms http-version: HTTP/1.1" content-length:60  address:::1 date_web:[Wed, 16 Aug 2023 17:33:00 GMT]  
method:POST state:400 url:/note/create response-time: 8.192 ms http-version: HTTP/1.1" content-length:60  address:::1 date_web:[Wed, 16 Aug 2023 17:33:18 GMT]  
method:POST state:400 url:/note/create response-time: 6.486 ms http-version: HTTP/1.1" content-length:60  address:::1 date_web:[Wed, 16 Aug 2023 17:33:24 GMT]  
method:POST state:200 url:/auth/login response-time: 241.326 ms http-version: HTTP/1.1" content-length:283  address:::1 date_web:[Wed, 16 Aug 2023 17:33:50 GMT]  
method:GET state:400 url:/auth/logout response-time: 10.116 ms http-version: HTTP/1.1" content-length:86  address:::1 date_web:[Wed, 16 Aug 2023 17:33:52 GMT]  
method:POST state:200 url:/auth/login response-time: 185.979 ms http-version: HTTP/1.1" content-length:283  address:::1 date_web:[Wed, 16 Aug 2023 17:34:04 GMT]  
method:GET state:400 url:/auth/logout response-time: 6.372 ms http-version: HTTP/1.1" content-length:86  address:::1 date_web:[Wed, 16 Aug 2023 17:34:07 GMT]  
method:GET state:400 url:/auth/logout response-time: 48.105 ms http-version: HTTP/1.1" content-length:86  address:::1 date_web:[Wed, 16 Aug 2023 17:35:00 GMT]  
method:GET state:400 url:/auth/logout response-time: 73.191 ms http-version: HTTP/1.1" content-length:86  address:::1 date_web:[Wed, 16 Aug 2023 17:35:39 GMT]  
method:GET state:400 url:/auth/logout response-time: 8.458 ms http-version: HTTP/1.1" content-length:86  address:::1 date_web:[Wed, 16 Aug 2023 17:35:40 GMT]  
method:GET state:400 url:/auth/logout response-time: 11.363 ms http-version: HTTP/1.1" content-length:86  address:::1 date_web:[Wed, 16 Aug 2023 17:41:17 GMT]  
method:GET state:400 url:/auth/logout response-time: 52.904 ms http-version: HTTP/1.1" content-length:86  address:::1 date_web:[Wed, 16 Aug 2023 17:42:14 GMT]  
method:GET state:400 url:/auth/logout response-time: 39.703 ms http-version: HTTP/1.1" content-length:86  address:::1 date_web:[Wed, 16 Aug 2023 17:42:37 GMT]  
method:GET state:400 url:/auth/logout response-time: 31.474 ms http-version: HTTP/1.1" content-length:86  address:::1 date_web:[Wed, 16 Aug 2023 17:43:17 GMT]  
method:GET state:400 url:/auth/logout response-time: 30.433 ms http-version: HTTP/1.1" content-length:86  address:::1 date_web:[Wed, 16 Aug 2023 17:43:34 GMT]  
method:GET state:400 url:/auth/logout response-time: 29.057 ms http-version: HTTP/1.1" content-length:86  address:::1 date_web:[Wed, 16 Aug 2023 17:43:47 GMT]  
method:GET state:400 url:/auth/logout response-time: 64.059 ms http-version: HTTP/1.1" content-length:78  address:::1 date_web:[Wed, 16 Aug 2023 17:43:57 GMT]  
method:GET state:400 url:/auth/logout response-time: 70.046 ms http-version: HTTP/1.1" content-length:78  address:::1 date_web:[Wed, 16 Aug 2023 17:44:07 GMT]  
method:GET state:400 url:/auth/logout response-time: 77.089 ms http-version: HTTP/1.1" content-length:78  address:::1 date_web:[Wed, 16 Aug 2023 17:44:53 GMT]  
method:GET state:400 url:/auth/logout response-time: 70.821 ms http-version: HTTP/1.1" content-length:78  address:::1 date_web:[Wed, 16 Aug 2023 17:45:08 GMT]  
method:GET state:400 url:/auth/logout response-time: 76.393 ms http-version: HTTP/1.1" content-length:78  address:::1 date_web:[Wed, 16 Aug 2023 17:45:16 GMT]  
method:GET state:200 url:/auth/logout response-time: 30.099 ms http-version: HTTP/1.1" content-length:65  address:::1 date_web:[Wed, 16 Aug 2023 17:45:35 GMT]  
method:GET state:400 url:/auth/logout response-time: 31.231 ms http-version: HTTP/1.1" content-length:86  address:::1 date_web:[Wed, 16 Aug 2023 17:45:58 GMT]  
method:GET state:400 url:/auth/logout response-time: 10.549 ms http-version: HTTP/1.1" content-length:86  address:::1 date_web:[Wed, 16 Aug 2023 17:46:20 GMT]  
method:GET state:400 url:/auth/logout response-time: 7.683 ms http-version: HTTP/1.1" content-length:86  address:::1 date_web:[Wed, 16 Aug 2023 17:46:47 GMT]  
method:GET state:400 url:/auth/logout response-time: 68.934 ms http-version: HTTP/1.1" content-length:73  address:::1 date_web:[Wed, 16 Aug 2023 17:47:06 GMT]  
method:GET state:400 url:/auth/logout response-time: 32.167 ms http-version: HTTP/1.1" content-length:86  address:::1 date_web:[Wed, 16 Aug 2023 17:47:44 GMT]  
method:GET state:400 url:/auth/logout response-time: 99.525 ms http-version: HTTP/1.1" content-length:73  address:::1 date_web:[Wed, 16 Aug 2023 17:47:49 GMT]  
method:POST state:200 url:/auth/login response-time: 230.428 ms http-version: HTTP/1.1" content-length:283  address:::1 date_web:[Wed, 16 Aug 2023 17:48:36 GMT]  
method:GET state:200 url:/auth/logout response-time: 115.902 ms http-version: HTTP/1.1" content-length:65  address:::1 date_web:[Wed, 16 Aug 2023 17:48:38 GMT]  
method:POST state:200 url:/auth/login response-time: 227.161 ms http-version: HTTP/1.1" content-length:283  address:::1 date_web:[Wed, 16 Aug 2023 17:48:50 GMT]  
method:GET state:200 url:/auth/logout response-time: 71.016 ms http-version: HTTP/1.1" content-length:65  address:::1 date_web:[Wed, 16 Aug 2023 17:48:52 GMT]  
method:GET state:200 url:/auth/logout response-time: 78.388 ms http-version: HTTP/1.1" content-length:65  address:::1 date_web:[Wed, 16 Aug 2023 17:49:20 GMT]  
method:GET state:200 url:/auth/logout response-time: 61.200 ms http-version: HTTP/1.1" content-length:65  address:::1 date_web:[Wed, 16 Aug 2023 17:49:22 GMT]  
method:GET state:200 url:/auth/logout response-time: 11.939 ms http-version: HTTP/1.1" content-length:65  address:::1 date_web:[Wed, 16 Aug 2023 17:49:23 GMT]  
method:GET state:400 url:/auth/logout response-time: 7.447 ms http-version: HTTP/1.1" content-length:93  address:::1 date_web:[Wed, 16 Aug 2023 17:49:32 GMT]  
method:GET state:400 url:/auth/logout response-time: 7.733 ms http-version: HTTP/1.1" content-length:93  address:::1 date_web:[Wed, 16 Aug 2023 17:49:34 GMT]  
method:POST state:200 url:/auth/login response-time: 170.141 ms http-version: HTTP/1.1" content-length:283  address:::1 date_web:[Wed, 16 Aug 2023 17:49:39 GMT]  
method:POST state:201 url:/note/create response-time: 14.157 ms http-version: HTTP/1.1" content-length:68  address:::1 date_web:[Wed, 16 Aug 2023 17:49:41 GMT]  
method:GET state:200 url:/note/all response-time: 9.953 ms http-version: HTTP/1.1" content-length:26  address:::1 date_web:[Wed, 16 Aug 2023 17:49:58 GMT]  
method:POST state:201 url:/note/create response-time: 11.414 ms http-version: HTTP/1.1" content-length:68  address:::1 date_web:[Wed, 16 Aug 2023 17:50:01 GMT]  
method:GET state:200 url:/note/all response-time: 9.818 ms http-version: HTTP/1.1" content-length:26  address:::1 date_web:[Wed, 16 Aug 2023 17:50:02 GMT]  
method:POST state:201 url:/note/create response-time: 50.135 ms http-version: HTTP/1.1" content-length:68  address:::1 date_web:[Wed, 16 Aug 2023 17:50:45 GMT]  
method:GET state:200 url:/note/all response-time: 6.943 ms http-version: HTTP/1.1" content-length:108  address:::1 date_web:[Wed, 16 Aug 2023 17:50:46 GMT]  
method:GET state:200 url:/note/all response-time: 35.156 ms http-version: HTTP/1.1" content-length:95  address:::1 date_web:[Wed, 16 Aug 2023 17:51:11 GMT]  
method:DELETE state:200 url:/note/delete/1 response-time: 19.372 ms http-version: HTTP/1.1" content-length:64  address:::1 date_web:[Wed, 16 Aug 2023 17:51:13 GMT]  
method:DELETE state:400 url:/note/delete/1 response-time: 27.195 ms http-version: HTTP/1.1" content-length:68  address:::1 date_web:[Wed, 16 Aug 2023 17:51:14 GMT]  
method:PUT state:400 url:/note/update/1 response-time: 11.791 ms http-version: HTTP/1.1" content-length:68  address:::1 date_web:[Wed, 16 Aug 2023 17:51:40 GMT]  
method:POST state:201 url:/note/create response-time: 17.305 ms http-version: HTTP/1.1" content-length:68  address:::1 date_web:[Wed, 16 Aug 2023 17:51:43 GMT]  
method:PUT state:200 url:/note/update/2 response-time: 11.632 ms http-version: HTTP/1.1" content-length:69  address:::1 date_web:[Wed, 16 Aug 2023 17:51:51 GMT]  
method:GET state:200 url:/note/all response-time: 5.413 ms http-version: HTTP/1.1" content-length:165  address:::1 date_web:[Wed, 16 Aug 2023 17:51:54 GMT]  
method:GET state:400 url:/note/all?page%20=1&size=3 response-time: 35.406 ms http-version: HTTP/1.1" content-length:52  address:::1 date_web:[Wed, 16 Aug 2023 17:52:58 GMT]  
method:GET state:400 url:/note/all?page%20=1&size=3 response-time: 34.594 ms http-version: HTTP/1.1" content-length:52  address:::1 date_web:[Wed, 16 Aug 2023 17:53:29 GMT]  
method:GET state:400 url:/note/all?page%20=1&size=3 response-time: 83.255 ms http-version: HTTP/1.1" content-length:52  address:::1 date_web:[Wed, 16 Aug 2023 17:53:45 GMT]  
method:GET state:400 url:/note/all?page%20=1&size=3 response-time: 38.078 ms http-version: HTTP/1.1" content-length:52  address:::1 date_web:[Wed, 16 Aug 2023 17:54:00 GMT]  
method:GET state:400 url:/note/all?page%20=1&size=3 response-time: 41.991 ms http-version: HTTP/1.1" content-length:52  address:::1 date_web:[Wed, 16 Aug 2023 17:54:15 GMT]  
method:GET state:400 url:/note/all?page%20=1&size=3 response-time: 36.796 ms http-version: HTTP/1.1" content-length:52  address:::1 date_web:[Wed, 16 Aug 2023 17:54:26 GMT]  
method:GET state:400 url:/note/all?page%20=1&size=3 response-time: 35.986 ms http-version: HTTP/1.1" content-length:52  address:::1 date_web:[Wed, 16 Aug 2023 17:54:35 GMT]  
method:GET state:400 url:/note/all?page%20=1&size=3 response-time: 35.500 ms http-version: HTTP/1.1" content-length:52  address:::1 date_web:[Wed, 16 Aug 2023 17:54:44 GMT]  
method:GET state:400 url:/note/all?page%20=1&size=3 response-time: 41.068 ms http-version: HTTP/1.1" content-length:52  address:::1 date_web:[Wed, 16 Aug 2023 17:54:58 GMT]  
method:GET state:400 url:/note/all?page%20=1&size=3 response-time: 39.633 ms http-version: HTTP/1.1" content-length:52  address:::1 date_web:[Wed, 16 Aug 2023 17:55:09 GMT]  
method:GET state:200 url:/note/all?page=1&size=3 response-time: 35.300 ms http-version: HTTP/1.1" content-length:165  address:::1 date_web:[Wed, 16 Aug 2023 17:55:24 GMT]  
method:GET state:200 url:/note/all?page=1&size=1 response-time: 10.097 ms http-version: HTTP/1.1" content-length:95  address:::1 date_web:[Wed, 16 Aug 2023 17:55:30 GMT]  
method:GET state:200 url:/note/all?page=1&size=1 response-time: 50.245 ms http-version: HTTP/1.1" content-length:95  address:::1 date_web:[Wed, 16 Aug 2023 17:56:29 GMT]  
method:POST state:404 url:/auth/logout response-time: 1.361 ms http-version: HTTP/1.1" content-length:25  address:::1 date_web:[Wed, 16 Aug 2023 17:58:24 GMT]  
method:POST state:400 url:/auth/signup response-time: 6.572 ms http-version: HTTP/1.1" content-length:65  address:::1 date_web:[Wed, 16 Aug 2023 17:58:31 GMT]  
method:POST state:400 url:/auth/signup response-time: 0.855 ms http-version: HTTP/1.1" content-length:65  address:::1 date_web:[Wed, 16 Aug 2023 17:58:36 GMT]  
method:POST state:400 url:/auth/signup response-time: 1.251 ms http-version: HTTP/1.1" content-length:62  address:::1 date_web:[Wed, 16 Aug 2023 17:58:50 GMT]  
method:POST state:201 url:/auth/signup response-time: 360.423 ms http-version: HTTP/1.1" content-length:283  address:::1 date_web:[Wed, 16 Aug 2023 17:59:03 GMT]  
method:POST state:400 url:/auth/signup response-time: 8.135 ms http-version: HTTP/1.1" content-length:84  address:::1 date_web:[Wed, 16 Aug 2023 17:59:17 GMT]  
method:GET state:404 url:/note/getById/1 response-time: 4.431 ms http-version: HTTP/1.1" content-length:25  address:::1 date_web:[Wed, 16 Aug 2023 18:01:58 GMT]  
method:GET state:200 url:/note/getById/1 response-time: 37.363 ms http-version: HTTP/1.1" content-length:26  address:::1 date_web:[Wed, 16 Aug 2023 18:02:09 GMT]  
method:POST state:201 url:/note/create response-time: 17.955 ms http-version: HTTP/1.1" content-length:68  address:::1 date_web:[Wed, 16 Aug 2023 18:02:12 GMT]  
method:GET state:200 url:/note/getById/1 response-time: 11.461 ms http-version: HTTP/1.1" content-length:26  address:::1 date_web:[Wed, 16 Aug 2023 18:02:14 GMT]  
method:GET state:200 url:/note/all?page=1&size=1 response-time: 12.771 ms http-version: HTTP/1.1" content-length:95  address:::1 date_web:[Wed, 16 Aug 2023 18:02:18 GMT]  
method:GET state:200 url:/note/getById/4 response-time: 5.025 ms http-version: HTTP/1.1" content-length:95  address:::1 date_web:[Wed, 16 Aug 2023 18:02:23 GMT]  
